<?xml version="1.0" encoding="UTF-8"?>
<testng-results ignored="0" total="3" passed="3" failed="0" skipped="0">
  <reporter-output>
  </reporter-output>
  <suite started-at="2022-09-11T13:04:20 BST" name="Suite" finished-at="2022-09-11T13:05:25 BST" duration-ms="65050">
    <groups>
    </groups>
    <test started-at="2022-09-11T13:04:20 BST" name="Test" finished-at="2022-09-11T13:05:25 BST" duration-ms="65050">
      <class name="script.TestCase2">
        <test-method is-config="true" signature="apenApp()[pri:0, instance:script.TestCase2@45b9a632]" started-at="2022-09-11T13:04:58 BST" name="apenApp" finished-at="2022-09-11T13:05:06 BST" duration-ms="7682" status="PASS">
          <reporter-output>
          </reporter-output>
        </test-method> <!-- apenApp -->
        <test-method signature="tc2()[pri:0, instance:script.TestCase2@45b9a632]" started-at="2022-09-11T13:05:06 BST" name="tc2" finished-at="2022-09-11T13:05:13 BST" duration-ms="6499" status="PASS">
          <reporter-output>
          </reporter-output>
        </test-method> <!-- tc2 -->
        <test-method is-config="true" signature="closeApp(org.testng.ITestResult)[pri:0, instance:script.TestCase2@45b9a632]" started-at="2022-09-11T13:05:13 BST" name="closeApp" finished-at="2022-09-11T13:05:13 BST" duration-ms="241" status="PASS">
          <params>
            <param index="0">
              <value>
                <![CDATA[[TestResult name=tc2 status=SUCCESS method=TestCase2.tc2()[pri:0, instance:script.TestCase2@45b9a632] output={null}]]]>
              </value>
            </param>
          </params>
          <reporter-output>
          </reporter-output>
        </test-method> <!-- closeApp -->
      </class> <!-- script.TestCase2 -->
      <class name="script.TestCase1">
        <test-method is-config="true" signature="apenApp()[pri:0, instance:script.TestCase1@25d250c6]" started-at="2022-09-11T13:05:13 BST" name="apenApp" finished-at="2022-09-11T13:05:20 BST" duration-ms="7577" status="PASS">
          <reporter-output>
          </reporter-output>
        </test-method> <!-- apenApp -->
        <test-method signature="tc1()[pri:0, instance:script.TestCase1@25d250c6]" started-at="2022-09-11T13:05:20 BST" name="tc1" finished-at="2022-09-11T13:05:25 BST" duration-ms="4593" status="PASS">
          <reporter-output>
          </reporter-output>
        </test-method> <!-- tc1 -->
        <test-method is-config="true" signature="closeApp(org.testng.ITestResult)[pri:0, instance:script.TestCase1@25d250c6]" started-at="2022-09-11T13:05:25 BST" name="closeApp" finished-at="2022-09-11T13:05:25 BST" duration-ms="278" status="PASS">
          <params>
            <param index="0">
              <value>
                <![CDATA[[TestResult name=tc1 status=SUCCESS method=TestCase1.tc1()[pri:0, instance:script.TestCase1@25d250c6] output={null}]]]>
              </value>
            </param>
          </params>
          <reporter-output>
          </reporter-output>
        </test-method> <!-- closeApp -->
      </class> <!-- script.TestCase1 -->
      <class name="script.TestCase3">
        <test-method is-config="true" signature="apenApp()[pri:0, instance:script.TestCase3@2fd6b6c7]" started-at="2022-09-11T13:04:20 BST" name="apenApp" finished-at="2022-09-11T13:04:48 BST" duration-ms="28198" status="PASS">
          <reporter-output>
          </reporter-output>
        </test-method> <!-- apenApp -->
        <test-method signature="tc3()[pri:0, instance:script.TestCase3@2fd6b6c7]" started-at="2022-09-11T13:04:48 BST" name="tc3" finished-at="2022-09-11T13:04:58 BST" duration-ms="9203" status="PASS">
          <reporter-output>
          </reporter-output>
        </test-method> <!-- tc3 -->
        <test-method is-config="true" signature="closeApp(org.testng.ITestResult)[pri:0, instance:script.TestCase3@2fd6b6c7]" started-at="2022-09-11T13:04:58 BST" name="closeApp" finished-at="2022-09-11T13:04:58 BST" duration-ms="610" status="PASS">
          <params>
            <param index="0">
              <value>
                <![CDATA[[TestResult name=tc3 status=SUCCESS method=TestCase3.tc3()[pri:0, instance:script.TestCase3@2fd6b6c7] output={null}]]]>
              </value>
            </param>
          </params>
          <reporter-output>
          </reporter-output>
        </test-method> <!-- closeApp -->
      </class> <!-- script.TestCase3 -->
    </test> <!-- Test -->
  </suite> <!-- Suite -->
</testng-results>
