<?xml version="1.0" encoding="UTF-8"?>
<testng-results ignored="0" total="1" passed="1" failed="0" skipped="0">
  <reporter-output>
  </reporter-output>
  <suite started-at="2022-09-09T23:27:19 BST" name="Default suite" finished-at="2022-09-09T23:27:44 BST" duration-ms="25276">
    <groups>
    </groups>
    <test started-at="2022-09-09T23:27:19 BST" name="Default test" finished-at="2022-09-09T23:27:44 BST" duration-ms="25276">
      <class name="script.TestCase2">
        <test-method is-config="true" signature="apenApp()[pri:0, instance:script.TestCase2@43ee72e6]" started-at="2022-09-09T23:27:19 BST" name="apenApp" finished-at="2022-09-09T23:27:38 BST" duration-ms="19239" status="PASS">
          <reporter-output>
          </reporter-output>
        </test-method> <!-- apenApp -->
        <test-method signature="tc2()[pri:0, instance:script.TestCase2@43ee72e6]" started-at="2022-09-09T23:27:38 BST" name="tc2" finished-at="2022-09-09T23:27:44 BST" duration-ms="5605" status="PASS">
          <reporter-output>
          </reporter-output>
        </test-method> <!-- tc2 -->
        <test-method is-config="true" signature="closeApp(org.testng.ITestResult)[pri:0, instance:script.TestCase2@43ee72e6]" started-at="2022-09-09T23:27:44 BST" name="closeApp" finished-at="2022-09-09T23:27:44 BST" duration-ms="361" status="PASS">
          <params>
            <param index="0">
              <value>
                <![CDATA[[TestResult name=tc2 status=SUCCESS method=TestCase2.tc2()[pri:0, instance:script.TestCase2@43ee72e6] output={null}]]]>
              </value>
            </param>
          </params>
          <reporter-output>
          </reporter-output>
        </test-method> <!-- closeApp -->
      </class> <!-- script.TestCase2 -->
    </test> <!-- Default test -->
  </suite> <!-- Default suite -->
</testng-results>
